<?xml version="1.0" encoding="UTF-8"?>
<!-- Generated by org.testng.reporters.JUnitReportReporter -->
<testsuite hostname="DESKTOP-1I0CLT9" failures="0" tests="1" name="lap5.lap5_1.NewTest" time="5.624" errors="0" timestamp="2021-04-05T17:57:40 ICT" skipped="0">
  <testcase classname="lap5.lap5_1.NewTest" name="verifyHomepagetile" time="5.624"/>
  <system-out/>
</testsuite> <!-- lap5.lap5_1.NewTest -->
