<?xml version="1.0" encoding="UTF-8"?>
<!-- Generated by org.testng.reporters.JUnitReportReporter -->
<testsuite hostname="DESKTOP-1I0CLT9" failures="0" tests="2" name="lap5.lap5_1.demo2" time="0.007" errors="0" timestamp="2021-04-05T18:28:08 ICT" skipped="0">
  <testcase classname="lap5.lap5_1.demo2" name="testcase3" time="0.006"/>
  <system-out/>
  <testcase classname="lap5.lap5_1.demo2" name="testcase4" time="0.001"/>
  <system-out/>
</testsuite> <!-- lap5.lap5_1.demo2 -->
