<?xml version="1.0" encoding="UTF-8"?>
<!-- Generated by org.testng.reporters.JUnitReportReporter -->
<testsuite hostname="DESKTOP-1I0CLT9" failures="0" tests="1" name="lap5.lap5_1.bai1" time="8.199" errors="0" timestamp="2021-04-05T18:22:01 ICT" skipped="0">
  <testcase classname="lap5.lap5_1.bai1" name="verifyHomepagetile" time="8.199"/>
  <system-out/>
</testsuite> <!-- lap5.lap5_1.bai1 -->
